<?xml version="1.0" encoding="UTF-8"?>
<!-- Generated by org.testng.reporters.JUnitXMLReporter -->
<testsuite hostname="Deebz-PC" ignored="0" name="Command line test" tests="5" failures="0" timestamp="2022-12-01T16:33:41 GMT" time="28.164" errors="0">
  <testcase name="verifyPageHeader" time="0.96" classname="practiceAppium.firstTestCase"/>
  <testcase name="loopThroughAllElement" time="0.632" classname="practiceAppium.firstTestCase"/>
  <testcase name="clickOnMediaAndPrintList" time="1.352" classname="practiceAppium.firstTestCase"/>
  <testcase name="clickOnAnimationAndNavigate" time="3.019" classname="practiceAppium.firstTestCase"/>
  <testcase name="clickOnAppAndScrollDown" time="3.645" classname="practiceAppium.firstTestCase"/>
</testsuite> <!-- Command line test -->
