<?xml version="1.0" encoding="UTF-8" ?>
<testsuite tests="5" failures="0" name="practiceAppium.firstTestCase" time="9.618" errors="0" skipped="0">
  <properties>
[...]
</properties>
  <testcase classname="practiceAppium.firstTestCase" name="verifyPageHeader" time="0.969"/>
  <testcase classname="practiceAppium.firstTestCase" name="loopThroughAllElement" time="0.633"/>
  <testcase classname="practiceAppium.firstTestCase" name="clickOnMediaAndPrintList" time="1.352"/>
  <testcase classname="practiceAppium.firstTestCase" name="clickOnAnimationAndNavigate" time="3.019"/>
  <testcase classname="practiceAppium.firstTestCase" name="clickOnAppAndScrollDown" time="3.645"/>
</testsuite>